# JRE version: OpenJDK Runtime Environment (21.0.5) (build 21.0.5+-13047016-b750.29)
# Java VM: OpenJDK 64-Bit Server VM (21.0.5+-13047016-b750.29, mixed mode, tiered, compressed oops, compressed class ptrs, g1 gc, windows-amd64)
GC Precious Log:
 CardTable entry size: 512
 Card Set container configuration: InlinePtr #cards 5 size 8 Array Of Cards #cards 12 size 40 Howl #buckets 4 coarsen threshold 1843 Howl Bitmap #cards 512 size 80 coarsen threshold 460 Card regions per heap region 1 cards per card region 2048
 CPUs: 16 total, 16 available
 Memory: 32472M
 Large Page Support: Disabled
 NUMA Support: Disabled
 Compressed Oops: Enabled (32-bit)
 Heap Region Size: 1M
 Heap Min Capacity: 8M
 Heap Initial Capacity: 508M
 Heap Max Capacity: 2G
 Pre-touch: Disabled
 Parallel Workers: 13
 Concurrent Workers: 3
 Concurrent Refinement Workers: 13
 Periodic GC: Disabled
Heap:
 garbage-first heap   total 199680K, used 136377K [0x0000000080000000, 0x0000000100000000)
  region size 1024K, 24 young (24576K), 5 survivors (5120K)
 Metaspace       used 120477K, committed 122688K, reserved 1179648K
  class space    used 16142K, committed 17280K, reserved 1048576K
GC Heap History (20 events):
Event: 28.511 GC heap before
{Heap before GC invocations=30 (full 0):
 garbage-first heap   total 87040K, used 77118K [0x0000000080000000, 0x0000000100000000)
  region size 1024K, 28 young (28672K), 3 survivors (3072K)
 Metaspace       used 73758K, committed 75392K, reserved 1114112K
  class space    used 9884K, committed 10688K, reserved 1048576K
}
Event: 28.514 GC heap after
{Heap after GC invocations=31 (full 0):
 garbage-first heap   total 304128K, used 53196K [0x0000000080000000, 0x0000000100000000)
  region size 1024K, 3 young (3072K), 3 survivors (3072K)
 Metaspace       used 73758K, committed 75392K, reserved 1114112K
  class space    used 9884K, committed 10688K, reserved 1048576K
}
Event: 35.096 GC heap before
{Heap before GC invocations=32 (full 0):
 garbage-first heap   total 181248K, used 173004K [0x0000000080000000, 0x0000000100000000)
  region size 1024K, 106 young (108544K), 3 survivors (3072K)
 Metaspace       used 82029K, committed 83712K, reserved 1179648K
  class space    used 10806K, committed 11648K, reserved 1048576K
}
Event: 35.103 GC heap after
{Heap after GC invocations=33 (full 0):
 garbage-first heap   total 188416K, used 77670K [0x0000000080000000, 0x0000000100000000)
  region size 1024K, 13 young (13312K), 13 survivors (13312K)
 Metaspace       used 82029K, committed 83712K, reserved 1179648K
  class space    used 10806K, committed 11648K, reserved 1048576K
}
Event: 39.941 GC heap before
{Heap before GC invocations=33 (full 0):
 garbage-first heap   total 188416K, used 163686K [0x0000000080000000, 0x0000000100000000)
  region size 1024K, 92 young (94208K), 13 survivors (13312K)
 Metaspace       used 88048K, committed 89856K, reserved 1179648K
  class space    used 11660K, committed 12544K, reserved 1048576K
}
Event: 39.949 GC heap after
{Heap after GC invocations=34 (full 0):
 garbage-first heap   total 188416K, used 84983K [0x0000000080000000, 0x0000000100000000)
  region size 1024K, 8 young (8192K), 8 survivors (8192K)
 Metaspace       used 88048K, committed 89856K, reserved 1179648K
  class space    used 11660K, committed 12544K, reserved 1048576K
}
Event: 42.869 GC heap before
{Heap before GC invocations=34 (full 0):
 garbage-first heap   total 188416K, used 121847K [0x0000000080000000, 0x0000000100000000)
  region size 1024K, 45 young (46080K), 8 survivors (8192K)
 Metaspace       used 91784K, committed 93632K, reserved 1179648K
  class space    used 12139K, committed 13056K, reserved 1048576K
}
Event: 42.874 GC heap after
{Heap after GC invocations=35 (full 0):
 garbage-first heap   total 188416K, used 87265K [0x0000000080000000, 0x0000000100000000)
  region size 1024K, 3 young (3072K), 3 survivors (3072K)
 Metaspace       used 91784K, committed 93632K, reserved 1179648K
  class space    used 12139K, committed 13056K, reserved 1048576K
}
Event: 47.332 GC heap before
{Heap before GC invocations=36 (full 0):
 garbage-first heap   total 188416K, used 170209K [0x0000000080000000, 0x0000000100000000)
  region size 1024K, 80 young (81920K), 3 survivors (3072K)
 Metaspace       used 96301K, committed 98176K, reserved 1179648K
  class space    used 12718K, committed 13632K, reserved 1048576K
}
Event: 47.339 GC heap after
{Heap after GC invocations=37 (full 0):
 garbage-first heap   total 188416K, used 97813K [0x0000000080000000, 0x0000000100000000)
  region size 1024K, 9 young (9216K), 9 survivors (9216K)
 Metaspace       used 96301K, committed 98176K, reserved 1179648K
  class space    used 12718K, committed 13632K, reserved 1048576K
}
Event: 51.745 GC heap before
{Heap before GC invocations=37 (full 0):
 garbage-first heap   total 188416K, used 168469K [0x0000000080000000, 0x0000000100000000)
  region size 1024K, 78 young (79872K), 9 survivors (9216K)
 Metaspace       used 101380K, committed 103232K, reserved 1179648K
  class space    used 13448K, committed 14400K, reserved 1048576K
}
Event: 51.752 GC heap after
{Heap after GC invocations=38 (full 0):
 garbage-first heap   total 188416K, used 99333K [0x0000000080000000, 0x0000000100000000)
  region size 1024K, 4 young (4096K), 4 survivors (4096K)
 Metaspace       used 101380K, committed 103232K, reserved 1179648K
  class space    used 13448K, committed 14400K, reserved 1048576K
}
Event: 56.659 GC heap before
{Heap before GC invocations=38 (full 0):
 garbage-first heap   total 188416K, used 173061K [0x0000000080000000, 0x0000000100000000)
  region size 1024K, 76 young (77824K), 4 survivors (4096K)
 Metaspace       used 106961K, committed 108992K, reserved 1179648K
  class space    used 14335K, committed 15360K, reserved 1048576K
}
Event: 56.665 GC heap after
{Heap after GC invocations=39 (full 0):
 garbage-first heap   total 188416K, used 102216K [0x0000000080000000, 0x0000000100000000)
  region size 1024K, 6 young (6144K), 6 survivors (6144K)
 Metaspace       used 106961K, committed 108992K, reserved 1179648K
  class space    used 14335K, committed 15360K, reserved 1048576K
}
Event: 61.793 GC heap before
{Heap before GC invocations=40 (full 0):
 garbage-first heap   total 188416K, used 171848K [0x0000000080000000, 0x0000000100000000)
  region size 1024K, 74 young (75776K), 6 survivors (6144K)
 Metaspace       used 112024K, committed 114048K, reserved 1179648K
  class space    used 15166K, committed 16192K, reserved 1048576K
}
Event: 61.800 GC heap after
{Heap after GC invocations=41 (full 0):
 garbage-first heap   total 188416K, used 106174K [0x0000000080000000, 0x0000000100000000)
  region size 1024K, 8 young (8192K), 8 survivors (8192K)
 Metaspace       used 112024K, committed 114048K, reserved 1179648K
  class space    used 15166K, committed 16192K, reserved 1048576K
}
Event: 66.232 GC heap before
{Heap before GC invocations=41 (full 0):
 garbage-first heap   total 188416K, used 167614K [0x0000000080000000, 0x0000000100000000)
  region size 1024K, 69 young (70656K), 8 survivors (8192K)
 Metaspace       used 116701K, committed 118848K, reserved 1179648K
  class space    used 15737K, committed 16832K, reserved 1048576K
}
Event: 66.241 GC heap after
{Heap after GC invocations=42 (full 0):
 garbage-first heap   total 188416K, used 109662K [0x0000000080000000, 0x0000000100000000)
  region size 1024K, 9 young (9216K), 9 survivors (9216K)
 Metaspace       used 116701K, committed 118848K, reserved 1179648K
  class space    used 15737K, committed 16832K, reserved 1048576K
}
Event: 67.168 GC heap before
{Heap before GC invocations=42 (full 0):
 garbage-first heap   total 188416K, used 123998K [0x0000000080000000, 0x0000000100000000)
  region size 1024K, 25 young (25600K), 9 survivors (9216K)
 Metaspace       used 117840K, committed 120000K, reserved 1179648K
  class space    used 15821K, committed 16960K, reserved 1048576K
}
Event: 67.176 GC heap after
{Heap after GC invocations=43 (full 0):
 garbage-first heap   total 188416K, used 113849K [0x0000000080000000, 0x0000000100000000)
  region size 1024K, 5 young (5120K), 5 survivors (5120K)
 Metaspace       used 117840K, committed 120000K, reserved 1179648K
  class space    used 15821K, committed 16960K, reserved 1048576K
}

